"GET /admin/ HTTP/1.1" 200 8110
"GET /admin/survey/question/ HTTP/1.1" 200 7573
"GET /admin/jsi18n/ HTTP/1.1" 200 3185
"GET / HTTP/1.1" 200 2787
"GET /employee/ HTTP/1.1" 200 16461
"GET /que_list/2 HTTP/1.1" 200 13633
"GET /employee/ HTTP/1.1" 200 16461
"GET / HTTP/1.1" 200 2787
"GET /employee/ HTTP/1.1" 200 16461
"GET / HTTP/1.1" 200 2787
"GET /employee/ HTTP/1.1" 200 16461
"GET / HTTP/1.1" 200 2787
"GET /employee/ HTTP/1.1" 200 16461
"GET / HTTP/1.1" 200 2787
"GET /employee/ HTTP/1.1" 200 16467
"GET /login/ HTTP/1.1" 200 2695
"GET /login/ HTTP/1.1" 200 2695
"GET / HTTP/1.1" 200 2787
"GET /employee/ HTTP/1.1" 200 16467
"GET /login/ HTTP/1.1" 200 2695
"GET / HTTP/1.1" 200 2787
"GET /employee/ HTTP/1.1" 200 16461
"GET / HTTP/1.1" 200 2787
"GET / HTTP/1.1" 200 2787
"GET / HTTP/1.1" 200 2787
"GET /employee/ HTTP/1.1" 200 16468
"GET /logout/ HTTP/1.1" 302 0
"GET / HTTP/1.1" 200 2787
"GET /employee/ HTTP/1.1" 302 0
"GET /login/ HTTP/1.1" 200 2695
"GET /employee/ HTTP/1.1" 302 0
"GET /login/ HTTP/1.1" 200 2695
"GET /employee/ HTTP/1.1" 302 0
"GET /login/ HTTP/1.1" 200 2695
"GET /static/vendor/fontawesome-free/css/all.min.css HTTP/1.1" 200 53777
"GET /static/css/sb-admin-2.min.css HTTP/1.1" 200 192951
"GET /static/js/sb-admin-2.min.js HTTP/1.1" 200 1106
"GET /static/vendor/jquery-easing/jquery.easing.min.js HTTP/1.1" 200 2532
"GET /static/vendor/jquery/jquery.min.js HTTP/1.1" 200 86927
"GET /static/vendor/bootstrap/js/bootstrap.bundle.min.js HTTP/1.1" 200 76308
Not Found: /favicon.ico
"GET /favicon.ico HTTP/1.1" 404 4573
"GET /static/vendor/fontawesome-free/webfonts/fa-brands-400.woff2 HTTP/1.1" 200 74296
"GET /employee/ HTTP/1.1" 302 0
"GET /login/ HTTP/1.1" 200 2695
"POST /login/ HTTP/1.1" 302 0
"GET /employee/ HTTP/1.1" 200 16468
"GET /que_list/2 HTTP/1.1" 200 13633
"GET /employee/ HTTP/1.1" 200 16468
"GET /que_list/2 HTTP/1.1" 200 13633
"GET /employee/ HTTP/1.1" 200 16468
"GET /que_list/2 HTTP/1.1" 200 13633
"GET /employee/ HTTP/1.1" 200 16468
"GET /que_list/2 HTTP/1.1" 200 13633
"GET /employee/ HTTP/1.1" 200 16468
"GET /logout/ HTTP/1.1" 302 0
"GET / HTTP/1.1" 200 2787
"GET /admin/ HTTP/1.1" 200 8110
